Time: 0.0000
Time: 0.0800
Time: 0.1600
Time: 0.2400
Time: 0.3200
Time: 0.4000
Time: 0.4800
Time: 0.5600
Time: 0.6400
Time: 0.7200
Time: 0.8000
Time: 0.8800
Time: 0.9600
Time: 1.0400
1 0.004000 
Time: 1.1200
1 0.150000 
Time: 1.2000
1 0.300000 
Time: 1.2800
1 0.600000 
Time: 1.3600
1 1.200000 
Time: 1.4400
1 1.800000 
Time: 1.5200
1 1.950000 
Time: 1.6000
1 2.100000 
Time: 1.6800
1 1.950000 
Time: 1.7600
1 1.950000 
Time: 1.8400
1 1.800000 
Time: 1.9200
1 0.600000 
Time: 2.0000
Time: 2.0800
1 0.450000 
Time: 2.1600
1 0.750000 
Time: 2.2400
1 1.500000 
Time: 2.3200
1 1.500000 
Time: 2.4000
1 1.800000 
Time: 2.4800
1 1.800000 
Time: 2.5600
1 1.950000 
Time: 2.6400
1 1.800000 
Time: 2.7200
1 1.800000 
Time: 2.8000
1 1.800000 
Time: 2.8800
1 1.800000 
Time: 2.9600
1 1.800000 
Time: 3.0400
1 1.800000 
Time: 3.1200
1 1.800000 
Time: 3.2000
1 1.800000 
Time: 3.2800
1 1.800000 
Time: 3.3600
1 1.800000 
Time: 3.4400
1 1.350000 
Time: 3.5200
1 0.150000 
Time: 3.6000
1 0.300000 
Time: 3.6800
1 0.600000 
Time: 3.7600
1 1.200000 
Time: 3.8400
1 1.500000 
Time: 3.9200
1 1.650000 
Time: 4.0000
1 1.800000 
Time: 4.0800
1 0.300000 
Time: 4.1600
Time: 4.2400
Time: 4.3200
Time: 4.4000
Time: 4.4800
Time: 4.5600
Time: 4.6400
Time: 4.7200
Time: 4.8000
Time: 4.8800
Time: 4.9600
